<?xml version="1.0" encoding="UTF-8"?>
<testsuites name="jest tests" tests="3" failures="0" errors="0" time="0.228">
  <testsuite name="user input" errors="0" failures="0" skipped="0" timestamp="2024-06-24T07:15:11" time="0.17" tests="3">
    <testcase classname="user input whole numbers in range are valid" name="user input whole numbers in range are valid" time="0.003">
    </testcase>
    <testcase classname="user input not whole numbers are invalid" name="user input not whole numbers are invalid" time="0.001">
    </testcase>
    <testcase classname="user input numbers out of range are invalid" name="user input numbers out of range are invalid" time="0.001">
    </testcase>
  </testsuite>
</testsuites>